\BOOKMARK [1][-]{section*.1}{\376\377\000S\000e\000c\000t\000i\000o\000n\000\040\0003\000.\0001}{}% 1
\BOOKMARK [2][-]{section*.2}{\376\377\000P\000r\000o\000b\000l\000e\000m\000\040\0001\000\040\000:}{section*.1}% 2
\BOOKMARK [3][-]{section*.3}{\376\377\000\050\000a\000\051\000\040\000A\000n\000s\000w\000e\000r\000:}{section*.2}% 3
\BOOKMARK [3][-]{section*.4}{\376\377\000\050\000b\000\051\000\040\000A\000n\000s\000w\000e\000r\000:}{section*.2}% 4
\BOOKMARK [3][-]{section*.5}{\376\377\000\050\000c\000\051\000\040\000A\000n\000s\000w\000e\000r\000:}{section*.2}% 5
\BOOKMARK [3][-]{section*.6}{\376\377\000\050\000d\000\051\000\040\000A\000n\000s\000w\000e\000r\000:}{section*.2}% 6
\BOOKMARK [3][-]{section*.7}{\376\377\000\050\000e\000\051\000\040\000A\000n\000s\000w\000e\000r\000:}{section*.2}% 7
\BOOKMARK [2][-]{section*.8}{\376\377\000P\000r\000o\000b\000l\000e\000m\000\040\0003\000:}{section*.1}% 8
\BOOKMARK [3][-]{section*.9}{\376\377\000\050\000a\000\051}{section*.8}% 9
\BOOKMARK [3][-]{section*.10}{\376\377\000\050\000a\000\051\000\040\000A\000n\000s\000w\000e\000r\000:}{section*.8}% 10
\BOOKMARK [3][-]{section*.11}{\376\377\000\050\000b\000\051}{section*.8}% 11
\BOOKMARK [3][-]{section*.12}{\376\377\000\050\000b\000\051\000\040\000A\000n\000s\000w\000e\000r\000:}{section*.8}% 12
\BOOKMARK [3][-]{section*.13}{\376\377\000\050\000c\000\051}{section*.8}% 13
\BOOKMARK [3][-]{section*.14}{\376\377\000\050\000c\000\051\000\040\000A\000n\000s\000w\000e\000r\000:}{section*.8}% 14
\BOOKMARK [3][-]{section*.15}{\376\377\000\050\000d\000\051}{section*.8}% 15
\BOOKMARK [3][-]{section*.16}{\376\377\000\050\000d\000\051\000\040\000A\000n\000s\000w\000e\000r\000:}{section*.8}% 16
\BOOKMARK [1][-]{section*.17}{\376\377\000S\000e\000c\000t\000i\000o\000n\000\040\0003\000.\0003}{}% 17
\BOOKMARK [2][-]{section*.18}{\376\377\000P\000r\000o\000b\000l\000e\000m\000\040\0004}{section*.17}% 18
\BOOKMARK [3][-]{section*.19}{\376\377\000A\000n\000s\000w\000e\000r\000:}{section*.18}% 19
\BOOKMARK [2][-]{section*.20}{\376\377\000P\000r\000o\000b\000l\000e\000m\000\040\0005\000:}{section*.17}% 20
\BOOKMARK [3][-]{section*.21}{\376\377\000A\000n\000s\000w\000e\000r\000:}{section*.20}% 21
